<?xml version="1.0" encoding="UTF-8"?>
<!-- Generated by org.testng.reporters.JUnitXMLReporter -->
<testsuite hostname="harshit" ignored="0" name="Default test" tests="3" failures="0" timestamp="21 May 2020 20:18:15 GMT" time="0.07" errors="0">
  <testcase name="harshit" time="0.006" classname="annotations.TestNGAnnotations"/>
  <testcase name="naimisha" time="0.002" classname="annotations.TestNGAnnotations"/>
  <testcase name="pooja" time="0.004" classname="annotations.TestNGAnnotations"/>
</testsuite> <!-- Default test -->
