<?xml version="1.0" encoding="UTF-8"?>
<testng-results skipped="0" failed="0" ignored="0" total="3" passed="3">
  <reporter-output>
    <line>
      <![CDATA[Start]]>
    </line>
    <line>
      <![CDATA[Before Test]]>
    </line>
    <line>
      <![CDATA[before Class]]>
    </line>
    <line>
      <![CDATA[before Method]]>
    </line>
    <line>
      <![CDATA[harshit]]>
    </line>
    <line>
      <![CDATA[after Method]]>
    </line>
    <line>
      <![CDATA[before Method]]>
    </line>
    <line>
      <![CDATA[naimisha]]>
    </line>
    <line>
      <![CDATA[after Method]]>
    </line>
    <line>
      <![CDATA[before Method]]>
    </line>
    <line>
      <![CDATA[pooja]]>
    </line>
    <line>
      <![CDATA[after Method]]>
    </line>
    <line>
      <![CDATA[after Class]]>
    </line>
    <line>
      <![CDATA[after Test]]>
    </line>
    <line>
      <![CDATA[after Suite]]>
    </line>
  </reporter-output>
  <suite name="Default suite" duration-ms="70" started-at="2020-05-21T20:18:15Z" finished-at="2020-05-21T20:18:15Z">
    <groups>
    </groups>
    <test name="Default test" duration-ms="70" started-at="2020-05-21T20:18:15Z" finished-at="2020-05-21T20:18:15Z">
      <class name="annotations.TestNGAnnotations">
        <test-method status="PASS" signature="start()[pri:0, instance:annotations.TestNGAnnotations@4d41cee]" name="start" is-config="true" duration-ms="13" started-at="2020-05-21T20:18:15Z" finished-at="2020-05-21T20:18:15Z">
          <reporter-output>
            <line>
              <![CDATA[Start]]>
            </line>
          </reporter-output>
        </test-method> <!-- start -->
        <test-method status="PASS" signature="beforeTest()[pri:0, instance:annotations.TestNGAnnotations@4d41cee]" name="beforeTest" is-config="true" duration-ms="1" started-at="2020-05-21T20:18:15Z" finished-at="2020-05-21T20:18:15Z">
          <reporter-output>
            <line>
              <![CDATA[Before Test]]>
            </line>
          </reporter-output>
        </test-method> <!-- beforeTest -->
        <test-method status="PASS" signature="beforeClass()[pri:0, instance:annotations.TestNGAnnotations@4d41cee]" name="beforeClass" is-config="true" duration-ms="0" started-at="2020-05-21T20:18:15Z" finished-at="2020-05-21T20:18:15Z">
          <reporter-output>
            <line>
              <![CDATA[before Class]]>
            </line>
          </reporter-output>
        </test-method> <!-- beforeClass -->
        <test-method status="PASS" signature="harshit()[pri:0, instance:annotations.TestNGAnnotations@4d41cee]" name="harshit" duration-ms="6" started-at="2020-05-21T20:18:15Z" finished-at="2020-05-21T20:18:15Z">
          <reporter-output>
            <line>
              <![CDATA[harshit]]>
            </line>
          </reporter-output>
        </test-method> <!-- harshit -->
        <test-method status="PASS" signature="beforeMethod()[pri:0, instance:annotations.TestNGAnnotations@4d41cee]" name="beforeMethod" is-config="true" duration-ms="0" started-at="2020-05-21T20:18:15Z" finished-at="2020-05-21T20:18:15Z">
          <reporter-output>
            <line>
              <![CDATA[before Method]]>
            </line>
          </reporter-output>
        </test-method> <!-- beforeMethod -->
        <test-method status="PASS" signature="afterMethod()[pri:0, instance:annotations.TestNGAnnotations@4d41cee]" name="afterMethod" is-config="true" duration-ms="1" started-at="2020-05-21T20:18:15Z" finished-at="2020-05-21T20:18:15Z">
          <reporter-output>
            <line>
              <![CDATA[after Method]]>
            </line>
          </reporter-output>
        </test-method> <!-- afterMethod -->
        <test-method status="PASS" signature="beforeMethod()[pri:0, instance:annotations.TestNGAnnotations@4d41cee]" name="beforeMethod" is-config="true" duration-ms="1" started-at="2020-05-21T20:18:15Z" finished-at="2020-05-21T20:18:15Z">
          <reporter-output>
            <line>
              <![CDATA[before Method]]>
            </line>
          </reporter-output>
        </test-method> <!-- beforeMethod -->
        <test-method status="PASS" signature="naimisha()[pri:0, instance:annotations.TestNGAnnotations@4d41cee]" name="naimisha" duration-ms="2" started-at="2020-05-21T20:18:15Z" finished-at="2020-05-21T20:18:15Z">
          <reporter-output>
            <line>
              <![CDATA[naimisha]]>
            </line>
          </reporter-output>
        </test-method> <!-- naimisha -->
        <test-method status="PASS" signature="afterMethod()[pri:0, instance:annotations.TestNGAnnotations@4d41cee]" name="afterMethod" is-config="true" duration-ms="1" started-at="2020-05-21T20:18:15Z" finished-at="2020-05-21T20:18:15Z">
          <reporter-output>
            <line>
              <![CDATA[after Method]]>
            </line>
          </reporter-output>
        </test-method> <!-- afterMethod -->
        <test-method status="PASS" signature="beforeMethod()[pri:0, instance:annotations.TestNGAnnotations@4d41cee]" name="beforeMethod" is-config="true" duration-ms="1" started-at="2020-05-21T20:18:15Z" finished-at="2020-05-21T20:18:15Z">
          <reporter-output>
            <line>
              <![CDATA[before Method]]>
            </line>
          </reporter-output>
        </test-method> <!-- beforeMethod -->
        <test-method status="PASS" signature="pooja()[pri:0, instance:annotations.TestNGAnnotations@4d41cee]" name="pooja" duration-ms="4" started-at="2020-05-21T20:18:15Z" finished-at="2020-05-21T20:18:15Z">
          <reporter-output>
            <line>
              <![CDATA[pooja]]>
            </line>
          </reporter-output>
        </test-method> <!-- pooja -->
        <test-method status="PASS" signature="afterMethod()[pri:0, instance:annotations.TestNGAnnotations@4d41cee]" name="afterMethod" is-config="true" duration-ms="1" started-at="2020-05-21T20:18:15Z" finished-at="2020-05-21T20:18:15Z">
          <reporter-output>
            <line>
              <![CDATA[after Method]]>
            </line>
          </reporter-output>
        </test-method> <!-- afterMethod -->
        <test-method status="PASS" signature="afterClass()[pri:0, instance:annotations.TestNGAnnotations@4d41cee]" name="afterClass" is-config="true" duration-ms="1" started-at="2020-05-21T20:18:15Z" finished-at="2020-05-21T20:18:15Z">
          <reporter-output>
            <line>
              <![CDATA[after Class]]>
            </line>
          </reporter-output>
        </test-method> <!-- afterClass -->
        <test-method status="PASS" signature="afterTest()[pri:0, instance:annotations.TestNGAnnotations@4d41cee]" name="afterTest" is-config="true" duration-ms="0" started-at="2020-05-21T20:18:15Z" finished-at="2020-05-21T20:18:15Z">
          <reporter-output>
            <line>
              <![CDATA[after Test]]>
            </line>
          </reporter-output>
        </test-method> <!-- afterTest -->
        <test-method status="PASS" signature="afterSuite()[pri:0, instance:annotations.TestNGAnnotations@4d41cee]" name="afterSuite" is-config="true" duration-ms="1" started-at="2020-05-21T20:18:15Z" finished-at="2020-05-21T20:18:15Z">
          <reporter-output>
            <line>
              <![CDATA[after Suite]]>
            </line>
          </reporter-output>
        </test-method> <!-- afterSuite -->
      </class> <!-- annotations.TestNGAnnotations -->
    </test> <!-- Default test -->
  </suite> <!-- Default suite -->
</testng-results>
